<!--
     TCP-based stack with IP multicast-based discovery
 -->

<config xmlns:xsi="http://www.w3.org/2001/XMLSchema-instance"
        xmlns="urn:org:jgroups"
        xsi:schemaLocation="urn:org:jgroups file:schema/JGroups-3.6.xsd">
    <TCP bind_port="7800"
         recv_buf_size="256k"
         send_buf_size="256k"
         max_bundle_size="64K"
         thread_pool.min_threads = "24"
         thread_pool.max_threads = "24"
         thread_pool.keep_alive_time = "60000"
         sock_conn_timeout="300"
         enable_diagnostics="true" />
    <MPING timeout="2000"
           mcast_addr="239.255.255.99"
           mcast_port="7500"
           receive_on_all_interfaces="true" />
    <MERGE3/>
    <FD_SOCK/>
    <FD/>
    <VERIFY_SUSPECT/>
    <pbcast.NAKACK2
            use_mcast_xmit="false"
            discard_delivered_msgs="true"/>
    <UNICAST3/>
    <pbcast.STABLE/>
    <pbcast.GMS/>
    <MFC/>
    <FRAG2/>
    <pbcast.STATE_TRANSFER />
</config>